[0;34m[INFO][0m 로그 파일: ./cleanup-logs/cleanup_20250930_145952.log
[0;34m[INFO][0m 프로바이더: docker
[0;34m[INFO][0m 모드: dry-run
[0;34m[INFO][0m 병렬 작업 수: 4
[0;34m[INFO][0m 환경 변수 검증 중...
[0;34m[INFO][0m 의존성 검증 중...
[0;32m[SUCCESS][0m 의존성 검증 완료
[0;32m[SUCCESS][0m 초기화 완료
[0;36m[STEP][0m === Day1 통합강의안 자원 정리 시작 (배포 순서의 역순) ===
[0;34m[INFO][0m 4단계: Docker 리소스 정리 시작
[0;36m[STEP][0m Docker 컨테이너 정리 중...
[0;34m[INFO][0m [DRY-RUN] Docker 컨테이너 삭제
[0;36m[STEP][0m Docker 이미지 정리 중...
[0;34m[INFO][0m [DRY-RUN] Docker 이미지 삭제
[0;36m[STEP][0m Docker 네트워크 정리 중...
[0;34m[INFO][0m [DRY-RUN] Docker 네트워크 삭제
[0;32m[SUCCESS][0m Docker 리소스 정리 완료
[0;36m[STEP][0m 정리 결과 검증 중...
[0;32m[SUCCESS][0m 모든 리소스가 성공적으로 정리되었습니다
[0;32m[SUCCESS][0m === Day1 통합강의안 자원 정리 완료 ===
[0;36m[STEP][0m === 정리 결과 요약 (배포 순서의 역순) ===
[0;34m[INFO][0m 정리된 리소스 유형:
[0;34m[INFO][0m   ✅ 4단계: Docker 컨테이너, 이미지, 네트워크
[0;32m[SUCCESS][0m Day1 통합강의안 실습 환경이 배포 순서의 역순으로 완전히 정리되었습니다!
[0;32m[SUCCESS][0m 스크립트 실행 완료
